<?xml version="1.0" encoding="UTF-8"?>
<!-- Generated by org.testng.reporters.JUnitXMLReporter -->
<testsuite hostname="DESKTOP-K77QK5Q" ignored="0" name="Default test" tests="2" failures="0" timestamp="22 Oct 2018 10:25:42 GMT" time="1.88" errors="0">
  <testcase name="VerifyDeletProfile" time="1.741" classname="com.webservices.testscripts.UserProfile_UnitTest"/>
  <testcase name="verifyGetUserProfile" time="0.106" classname="com.webservices.testscripts.UserProfile_UnitTest"/>
</testsuite> <!-- Default test -->
